<?xml version="1.0" encoding="UTF-8"?>
<!-- Generated by org.testng.reporters.JUnitXMLReporter -->
<testsuite ignored="0" hostname="DESKTOP-MG4ICCK" failures="0" tests="1" name="Test" time="0.05" errors="0" timestamp="2023-03-29T18:49:34 IST">
  <testcase classname="Validation.Test1" name="@BeforeTest OpenBrowser" time="-1.680095974073E9">
    <failure type="org.testng.TestNGException" message="
Can inject only one of &amp;lt;ITestContext, XmlTest&amp;gt; into a @BeforeTest annotated OpenBrowser.
For more information on native dependency injection please refer to https://testng.org/doc/documentation-main.html#native-dependency-injection">
      <![CDATA[org.testng.TestNGException: 
Can inject only one of <ITestContext, XmlTest> into a @BeforeTest annotated OpenBrowser.
For more information on native dependency injection please refer to https://testng.org/doc/documentation-main.html#native-dependency-injection
... Removed 21 stack frames]]>
    </failure>
  </testcase> <!-- @BeforeTest OpenBrowser -->
  <testcase classname="Validation.Test1" name="@BeforeClass BeforeClass" time="-1.680095974095E9">
    <skipped/>
  </testcase> <!-- @BeforeClass BeforeClass -->
  <testcase classname="Validation.Test1" name="@BeforeMethod BeforeMethod" time="-1.680095974108E9">
    <skipped/>
  </testcase> <!-- @BeforeMethod BeforeMethod -->
  <testcase classname="Validation.Test1" name="@AfterMethod AfterMethod" time="-1.680095974113E9">
    <skipped/>
  </testcase> <!-- @AfterMethod AfterMethod -->
  <testcase classname="Validation.Test1" name="@AfterClass AfterClass" time="-1.680095974115E9">
    <skipped/>
  </testcase> <!-- @AfterClass AfterClass -->
  <testcase classname="Validation.Test1" name="@AfterTest AfterTest" time="-1.680095974118E9">
    <skipped/>
  </testcase> <!-- @AfterTest AfterTest -->
  <testcase classname="Validation.Test1" name="Test" time="0.0">
    <skipped/>
  </testcase> <!-- Test -->
</testsuite> <!-- Test -->
